projects/easy_accounting/app/build/intermediates/manifest_merge_blame_file/debug/processDebugMainManifest/manifest-merger-blame-debug-report.txt
1<?xml version="1.0" encoding="utf-8"?>
2<manifest xmlns:android="http://schemas.android.com/apk/res/android"
3    package="com.easyaccounting"
4    android:versionCode="1"
5    android:versionName="1.0" >
6
7    <uses-sdk
8        android:minSdkVersion="24"
9        android:targetSdkVersion="34" />
10
11    <!-- 悬浮窗权限 -->
12    <uses-permission android:name="android.permission.SYSTEM_ALERT_WINDOW" />
12-->src\main\AndroidManifest.xml:5:5-78
12-->src\main\AndroidManifest.xml:5:22-75
13
14    <!-- 前台服务权限 -->
15    <uses-permission android:name="android.permission.FOREGROUND_SERVICE" />
15-->src\main\AndroidManifest.xml:8:5-77
15-->src\main\AndroidManifest.xml:8:22-74
16    <uses-permission android:name="android.permission.FOREGROUND_SERVICE_SPECIAL_USE" />
16-->src\main\AndroidManifest.xml:9:5-89
16-->src\main\AndroidManifest.xml:9:22-86
17    <uses-permission android:name="android.permission.POST_NOTIFICATIONS" />
17-->src\main\AndroidManifest.xml:10:5-77
17-->src\main\AndroidManifest.xml:10:22-74
18
19    <permission
19-->[androidx.core:core:1.13.1] AndroidManifest.xml:22:5-24:47
20        android:name="com.easyaccounting.DYNAMIC_RECEIVER_NOT_EXPORTED_PERMISSION"
20-->[androidx.core:core:1.13.1] AndroidManifest.xml:23:9-81
21        android:protectionLevel="signature" />
21-->[androidx.core:core:1.13.1] AndroidManifest.xml:24:9-44
22
23    <uses-permission android:name="com.easyaccounting.DYNAMIC_RECEIVER_NOT_EXPORTED_PERMISSION" />
23-->[androidx.core:core:1.13.1] AndroidManifest.xml:26:5-97
23-->[androidx.core:core:1.13.1] AndroidManifest.xml:26:22-94
24
25    <application
25-->src\main\AndroidManifest.xml:12:5-73:19
26        android:name="com.easyaccounting.EasyAccountingApp"
26-->src\main\AndroidManifest.xml:13:9-42
27        android:allowBackup="true"
27-->src\main\AndroidManifest.xml:14:9-35
28        android:appComponentFactory="androidx.core.app.CoreComponentFactory"
28-->[androidx.core:core:1.13.1] AndroidManifest.xml:28:18-86
29        android:debuggable="true"
30        android:extractNativeLibs="false"
31        android:icon="@mipmap/ic_launcher"
31-->src\main\AndroidManifest.xml:15:9-43
32        android:label="@string/app_name"
32-->src\main\AndroidManifest.xml:16:9-41
33        android:roundIcon="@mipmap/ic_launcher_round"
33-->src\main\AndroidManifest.xml:17:9-54
34        android:supportsRtl="true"
34-->src\main\AndroidManifest.xml:18:9-35
35        android:theme="@style/Theme.EasyAccounting" >
35-->src\main\AndroidManifest.xml:19:9-52
36        <activity
36-->src\main\AndroidManifest.xml:21:9-29:20
37            android:name="com.easyaccounting.ui.MainActivity"
37-->src\main\AndroidManifest.xml:22:13-44
38            android:exported="true"
38-->src\main\AndroidManifest.xml:23:13-36
39            android:theme="@style/Theme.EasyAccounting" >
39-->src\main\AndroidManifest.xml:24:13-56
40            <intent-filter>
40-->src\main\AndroidManifest.xml:25:13-28:29
41                <action android:name="android.intent.action.MAIN" />
41-->src\main\AndroidManifest.xml:26:17-69
41-->src\main\AndroidManifest.xml:26:25-66
42
43                <category android:name="android.intent.category.LAUNCHER" />
43-->src\main\AndroidManifest.xml:27:17-77
43-->src\main\AndroidManifest.xml:27:27-74
44            </intent-filter>
45        </activity>
46        <activity
46-->src\main\AndroidManifest.xml:31:9-35:59
47            android:name="com.easyaccounting.ui.add.AddRecordActivity"
47-->src\main\AndroidManifest.xml:32:13-53
48            android:exported="false"
48-->src\main\AndroidManifest.xml:33:13-37
49            android:parentActivityName="com.easyaccounting.ui.MainActivity"
49-->src\main\AndroidManifest.xml:34:13-58
50            android:theme="@style/Theme.EasyAccounting" />
50-->src\main\AndroidManifest.xml:35:13-56
51        <activity
51-->src\main\AndroidManifest.xml:37:9-41:59
52            android:name="com.easyaccounting.ui.RecordDetailActivity"
52-->src\main\AndroidManifest.xml:38:13-52
53            android:exported="false"
53-->src\main\AndroidManifest.xml:39:13-37
54            android:parentActivityName="com.easyaccounting.ui.MainActivity"
54-->src\main\AndroidManifest.xml:40:13-58
55            android:theme="@style/Theme.EasyAccounting" />
55-->src\main\AndroidManifest.xml:41:13-56
56
57        <!-- 无障碍服务设置引导页面 -->
58        <activity
58-->src\main\AndroidManifest.xml:44:9-48:59
59            android:name="com.easyaccounting.ui.setting.AccessibilitySettingActivity"
59-->src\main\AndroidManifest.xml:45:13-68
60            android:exported="false"
60-->src\main\AndroidManifest.xml:46:13-37
61            android:parentActivityName="com.easyaccounting.ui.MainActivity"
61-->src\main\AndroidManifest.xml:47:13-58
62            android:theme="@style/Theme.EasyAccounting" />
62-->src\main\AndroidManifest.xml:48:13-56
63
64        <!-- 支付监听无障碍服务 -->
65        <service
65-->src\main\AndroidManifest.xml:51:9-61:19
66            android:name="com.easyaccounting.service.PayAccessibilityService"
66-->src\main\AndroidManifest.xml:52:13-60
67            android:exported="false"
67-->src\main\AndroidManifest.xml:53:13-37
68            android:permission="android.permission.BIND_ACCESSIBILITY_SERVICE" >
68-->src\main\AndroidManifest.xml:54:13-79
69            <intent-filter>
69-->src\main\AndroidManifest.xml:55:13-57:29
70                <action android:name="android.accessibilityservice.AccessibilityService" />
70-->src\main\AndroidManifest.xml:56:17-92
70-->src\main\AndroidManifest.xml:56:25-89
71            </intent-filter>
72
73            <meta-data
73-->src\main\AndroidManifest.xml:58:13-60:69
74                android:name="android.accessibilityservice"
74-->src\main\AndroidManifest.xml:59:17-60
75                android:resource="@xml/pay_accessibility_service" />
75-->src\main\AndroidManifest.xml:60:17-66
76        </service>
77
78        <!-- 悬浮窗服务（前台服务） -->
79        <service
79-->src\main\AndroidManifest.xml:64:9-71:19
80            android:name="com.easyaccounting.service.FloatBubbleService"
80-->src\main\AndroidManifest.xml:65:13-55
81            android:exported="false"
81-->src\main\AndroidManifest.xml:66:13-37
82            android:foregroundServiceType="specialUse" >
82-->src\main\AndroidManifest.xml:67:13-55
83            <property
83-->src\main\AndroidManifest.xml:68:13-70:58
84                android:name="android.app.PROPERTY_SPECIAL_USE_FGS_SUBTYPE"
84-->src\main\AndroidManifest.xml:69:17-76
85                android:value="auto_accounting_bubble" />
85-->src\main\AndroidManifest.xml:70:17-55
86        </service>
87
88        <provider
88-->[androidx.emoji2:emoji2:1.3.0] AndroidManifest.xml:24:9-32:20
89            android:name="androidx.startup.InitializationProvider"
89-->[androidx.emoji2:emoji2:1.3.0] AndroidManifest.xml:25:13-67
90            android:authorities="com.easyaccounting.androidx-startup"
90-->[androidx.emoji2:emoji2:1.3.0] AndroidManifest.xml:26:13-68
91            android:exported="false" >
91-->[androidx.emoji2:emoji2:1.3.0] AndroidManifest.xml:27:13-37
92            <meta-data
92-->[androidx.emoji2:emoji2:1.3.0] AndroidManifest.xml:29:13-31:52
93                android:name="androidx.emoji2.text.EmojiCompatInitializer"
93-->[androidx.emoji2:emoji2:1.3.0] AndroidManifest.xml:30:17-75
94                android:value="androidx.startup" />
94-->[androidx.emoji2:emoji2:1.3.0] AndroidManifest.xml:31:17-49
95            <meta-data
95-->[androidx.lifecycle:lifecycle-process:2.8.2] AndroidManifest.xml:29:13-31:52
96                android:name="androidx.lifecycle.ProcessLifecycleInitializer"
96-->[androidx.lifecycle:lifecycle-process:2.8.2] AndroidManifest.xml:30:17-78
97                android:value="androidx.startup" />
97-->[androidx.lifecycle:lifecycle-process:2.8.2] AndroidManifest.xml:31:17-49
98            <meta-data
98-->[androidx.profileinstaller:profileinstaller:1.3.1] AndroidManifest.xml:29:13-31:52
99                android:name="androidx.profileinstaller.ProfileInstallerInitializer"
99-->[androidx.profileinstaller:profileinstaller:1.3.1] AndroidManifest.xml:30:17-85
100                android:value="androidx.startup" />
100-->[androidx.profileinstaller:profileinstaller:1.3.1] AndroidManifest.xml:31:17-49
101        </provider>
102
103        <service
103-->[androidx.room:room-runtime:2.6.1] AndroidManifest.xml:24:9-28:63
104            android:name="androidx.room.MultiInstanceInvalidationService"
104-->[androidx.room:room-runtime:2.6.1] AndroidManifest.xml:25:13-74
105            android:directBootAware="true"
105-->[androidx.room:room-runtime:2.6.1] AndroidManifest.xml:26:13-43
106            android:exported="false" />
106-->[androidx.room:room-runtime:2.6.1] AndroidManifest.xml:27:13-37
107
108        <receiver
108-->[androidx.profileinstaller:profileinstaller:1.3.1] AndroidManifest.xml:34:9-52:20
109            android:name="androidx.profileinstaller.ProfileInstallReceiver"
109-->[androidx.profileinstaller:profileinstaller:1.3.1] AndroidManifest.xml:35:13-76
110            android:directBootAware="false"
110-->[androidx.profileinstaller:profileinstaller:1.3.1] AndroidManifest.xml:36:13-44
111            android:enabled="true"
111-->[androidx.profileinstaller:profileinstaller:1.3.1] AndroidManifest.xml:37:13-35
112            android:exported="true"
112-->[androidx.profileinstaller:profileinstaller:1.3.1] AndroidManifest.xml:38:13-36
113            android:permission="android.permission.DUMP" >
113-->[androidx.profileinstaller:profileinstaller:1.3.1] AndroidManifest.xml:39:13-57
114            <intent-filter>
114-->[androidx.profileinstaller:profileinstaller:1.3.1] AndroidManifest.xml:40:13-42:29
115                <action android:name="androidx.profileinstaller.action.INSTALL_PROFILE" />
115-->[androidx.profileinstaller:profileinstaller:1.3.1] AndroidManifest.xml:41:17-91
115-->[androidx.profileinstaller:profileinstaller:1.3.1] AndroidManifest.xml:41:25-88
116            </intent-filter>
117            <intent-filter>
117-->[androidx.profileinstaller:profileinstaller:1.3.1] AndroidManifest.xml:43:13-45:29
118                <action android:name="androidx.profileinstaller.action.SKIP_FILE" />
118-->[androidx.profileinstaller:profileinstaller:1.3.1] AndroidManifest.xml:44:17-85
118-->[androidx.profileinstaller:profileinstaller:1.3.1] AndroidManifest.xml:44:25-82
119            </intent-filter>
120            <intent-filter>
120-->[androidx.profileinstaller:profileinstaller:1.3.1] AndroidManifest.xml:46:13-48:29
121                <action android:name="androidx.profileinstaller.action.SAVE_PROFILE" />
121-->[androidx.profileinstaller:profileinstaller:1.3.1] AndroidManifest.xml:47:17-88
121-->[androidx.profileinstaller:profileinstaller:1.3.1] AndroidManifest.xml:47:25-85
122            </intent-filter>
123            <intent-filter>
123-->[androidx.profileinstaller:profileinstaller:1.3.1] AndroidManifest.xml:49:13-51:29
124                <action android:name="androidx.profileinstaller.action.BENCHMARK_OPERATION" />
124-->[androidx.profileinstaller:profileinstaller:1.3.1] AndroidManifest.xml:50:17-95
124-->[androidx.profileinstaller:profileinstaller:1.3.1] AndroidManifest.xml:50:25-92
125            </intent-filter>
126        </receiver>
127    </application>
128
129</manifest>